# JRE version: OpenJDK Runtime Environment Temurin-21.0.7+6 (21.0.7+6) (build 21.0.7+6-LTS)
# Java VM: OpenJDK 64-Bit Server VM Temurin-21.0.7+6 (21.0.7+6-LTS, mixed mode, sharing, tiered, compressed oops, compressed class ptrs, parallel gc, windows-amd64)
GC Precious Log:
 CardTable entry size: 512
 CPUs: 12 total, 12 available
 Memory: 7893M
 Large Page Support: Disabled
 NUMA Support: Disabled
 Compressed Oops: Enabled (32-bit)
 Alignments: Space 512K, Generation 512K, Heap 2M
 Heap Min Capacity: 100M
 Heap Initial Capacity: 100M
 Heap Max Capacity: 2G
 Pre-touch: Disabled
 Parallel Workers: 10
Heap:
 PSYoungGen      total 17920K, used 11905K [0x00000000d5580000, 0x00000000d6c00000, 0x0000000100000000)
  eden space 17408K, 66% used [0x00000000d5580000,0x00000000d60b8e88,0x00000000d6680000)
  from space 512K, 80% used [0x00000000d6880000,0x00000000d68e78d8,0x00000000d6900000)
  to   space 1536K, 0% used [0x00000000d6a80000,0x00000000d6a80000,0x00000000d6c00000)
 ParOldGen       total 68608K, used 20985K [0x0000000080000000, 0x0000000084300000, 0x00000000d5580000)
  object space 68608K, 30% used [0x0000000080000000,0x000000008147e738,0x0000000084300000)
 Metaspace       used 26155K, committed 27008K, reserved 1114112K
  class space    used 2503K, committed 2880K, reserved 1048576K
GC Heap History (20 events):
Event: 2.356 GC heap before
{Heap before GC invocations=3 (full 0):
 PSYoungGen      total 29696K, used 29669K [0x00000000d5580000, 0x00000000d7680000, 0x0000000100000000)
  eden space 25600K, 100% used [0x00000000d5580000,0x00000000d6e80000,0x00000000d6e80000)
  from space 4096K, 99% used [0x00000000d7280000,0x00000000d76795d0,0x00000000d7680000)
  to   space 4096K, 0% used [0x00000000d6e80000,0x00000000d6e80000,0x00000000d7280000)
 ParOldGen       total 68608K, used 1755K [0x0000000080000000, 0x0000000084300000, 0x00000000d5580000)
  object space 68608K, 2% used [0x0000000080000000,0x00000000801b6f38,0x0000000084300000)
 Metaspace       used 9272K, committed 9664K, reserved 1114112K
  class space    used 964K, committed 1152K, reserved 1048576K
}
Event: 2.363 GC heap after
{Heap after GC invocations=3 (full 0):
 PSYoungGen      total 29696K, used 4064K [0x00000000d5580000, 0x00000000d7680000, 0x0000000100000000)
  eden space 25600K, 0% used [0x00000000d5580000,0x00000000d5580000,0x00000000d6e80000)
  from space 4096K, 99% used [0x00000000d6e80000,0x00000000d7278210,0x00000000d7280000)
  to   space 4096K, 0% used [0x00000000d7280000,0x00000000d7280000,0x00000000d7680000)
 ParOldGen       total 68608K, used 5111K [0x0000000080000000, 0x0000000084300000, 0x00000000d5580000)
  object space 68608K, 7% used [0x0000000080000000,0x00000000804fde58,0x0000000084300000)
 Metaspace       used 9272K, committed 9664K, reserved 1114112K
  class space    used 964K, committed 1152K, reserved 1048576K
}
Event: 3.149 GC heap before
{Heap before GC invocations=4 (full 0):
 PSYoungGen      total 29696K, used 29664K [0x00000000d5580000, 0x00000000d7680000, 0x0000000100000000)
  eden space 25600K, 100% used [0x00000000d5580000,0x00000000d6e80000,0x00000000d6e80000)
  from space 4096K, 99% used [0x00000000d6e80000,0x00000000d7278210,0x00000000d7280000)
  to   space 4096K, 0% used [0x00000000d7280000,0x00000000d7280000,0x00000000d7680000)
 ParOldGen       total 68608K, used 5111K [0x0000000080000000, 0x0000000084300000, 0x00000000d5580000)
  object space 68608K, 7% used [0x0000000080000000,0x00000000804fde58,0x0000000084300000)
 Metaspace       used 12004K, committed 12416K, reserved 1114112K
  class space    used 1250K, committed 1472K, reserved 1048576K
}
Event: 3.155 GC heap after
{Heap after GC invocations=4 (full 0):
 PSYoungGen      total 29696K, used 4090K [0x00000000d5580000, 0x00000000d7680000, 0x0000000100000000)
  eden space 25600K, 0% used [0x00000000d5580000,0x00000000d5580000,0x00000000d6e80000)
  from space 4096K, 99% used [0x00000000d7280000,0x00000000d767eb10,0x00000000d7680000)
  to   space 4096K, 0% used [0x00000000d6e80000,0x00000000d6e80000,0x00000000d7280000)
 ParOldGen       total 68608K, used 6797K [0x0000000080000000, 0x0000000084300000, 0x00000000d5580000)
  object space 68608K, 9% used [0x0000000080000000,0x00000000806a37f8,0x0000000084300000)
 Metaspace       used 12004K, committed 12416K, reserved 1114112K
  class space    used 1250K, committed 1472K, reserved 1048576K
}
Event: 3.726 GC heap before
{Heap before GC invocations=5 (full 0):
 PSYoungGen      total 29696K, used 29690K [0x00000000d5580000, 0x00000000d7680000, 0x0000000100000000)
  eden space 25600K, 100% used [0x00000000d5580000,0x00000000d6e80000,0x00000000d6e80000)
  from space 4096K, 99% used [0x00000000d7280000,0x00000000d767eb10,0x00000000d7680000)
  to   space 4096K, 0% used [0x00000000d6e80000,0x00000000d6e80000,0x00000000d7280000)
 ParOldGen       total 68608K, used 6797K [0x0000000080000000, 0x0000000084300000, 0x00000000d5580000)
  object space 68608K, 9% used [0x0000000080000000,0x00000000806a37f8,0x0000000084300000)
 Metaspace       used 15144K, committed 15744K, reserved 1114112K
  class space    used 1516K, committed 1792K, reserved 1048576K
}
Event: 3.730 GC heap after
{Heap after GC invocations=5 (full 0):
 PSYoungGen      total 29184K, used 4088K [0x00000000d5580000, 0x00000000d7900000, 0x0000000100000000)
  eden space 25088K, 0% used [0x00000000d5580000,0x00000000d5580000,0x00000000d6e00000)
  from space 4096K, 99% used [0x00000000d6e80000,0x00000000d727e100,0x00000000d7280000)
  to   space 5632K, 0% used [0x00000000d7380000,0x00000000d7380000,0x00000000d7900000)
 ParOldGen       total 68608K, used 7765K [0x0000000080000000, 0x0000000084300000, 0x00000000d5580000)
  object space 68608K, 11% used [0x0000000080000000,0x0000000080795428,0x0000000084300000)
 Metaspace       used 15144K, committed 15744K, reserved 1114112K
  class space    used 1516K, committed 1792K, reserved 1048576K
}
Event: 4.112 GC heap before
{Heap before GC invocations=6 (full 0):
 PSYoungGen      total 29184K, used 29176K [0x00000000d5580000, 0x00000000d7900000, 0x0000000100000000)
  eden space 25088K, 100% used [0x00000000d5580000,0x00000000d6e00000,0x00000000d6e00000)
  from space 4096K, 99% used [0x00000000d6e80000,0x00000000d727e100,0x00000000d7280000)
  to   space 5632K, 0% used [0x00000000d7380000,0x00000000d7380000,0x00000000d7900000)
 ParOldGen       total 68608K, used 7765K [0x0000000080000000, 0x0000000084300000, 0x00000000d5580000)
  object space 68608K, 11% used [0x0000000080000000,0x0000000080795428,0x0000000084300000)
 Metaspace       used 16716K, committed 17344K, reserved 1114112K
  class space    used 1685K, committed 1984K, reserved 1048576K
}
Event: 4.123 GC heap after
{Heap after GC invocations=6 (full 0):
 PSYoungGen      total 23040K, used 5605K [0x00000000d5580000, 0x00000000d8780000, 0x0000000100000000)
  eden space 17408K, 0% used [0x00000000d5580000,0x00000000d5580000,0x00000000d6680000)
  from space 5632K, 99% used [0x00000000d7380000,0x00000000d78f9670,0x00000000d7900000)
  to   space 13312K, 0% used [0x00000000d6680000,0x00000000d6680000,0x00000000d7380000)
 ParOldGen       total 68608K, used 14101K [0x0000000080000000, 0x0000000084300000, 0x00000000d5580000)
  object space 68608K, 20% used [0x0000000080000000,0x0000000080dc5428,0x0000000084300000)
 Metaspace       used 16716K, committed 17344K, reserved 1114112K
  class space    used 1685K, committed 1984K, reserved 1048576K
}
Event: 4.820 GC heap before
{Heap before GC invocations=7 (full 0):
 PSYoungGen      total 23040K, used 23013K [0x00000000d5580000, 0x00000000d8780000, 0x0000000100000000)
  eden space 17408K, 100% used [0x00000000d5580000,0x00000000d6680000,0x00000000d6680000)
  from space 5632K, 99% used [0x00000000d7380000,0x00000000d78f9670,0x00000000d7900000)
  to   space 13312K, 0% used [0x00000000d6680000,0x00000000d6680000,0x00000000d7380000)
 ParOldGen       total 68608K, used 14101K [0x0000000080000000, 0x0000000084300000, 0x00000000d5580000)
  object space 68608K, 20% used [0x0000000080000000,0x0000000080dc5428,0x0000000084300000)
 Metaspace       used 18297K, committed 19008K, reserved 1114112K
  class space    used 1849K, committed 2176K, reserved 1048576K
}
Event: 4.829 GC heap after
{Heap after GC invocations=7 (full 0):
 PSYoungGen      total 23040K, used 5280K [0x00000000d5580000, 0x00000000d7580000, 0x0000000100000000)
  eden space 17408K, 0% used [0x00000000d5580000,0x00000000d5580000,0x00000000d6680000)
  from space 5632K, 93% used [0x00000000d6680000,0x00000000d6ba8148,0x00000000d6c00000)
  to   space 7680K, 0% used [0x00000000d6e00000,0x00000000d6e00000,0x00000000d7580000)
 ParOldGen       total 68608K, used 15422K [0x0000000080000000, 0x0000000084300000, 0x00000000d5580000)
  object space 68608K, 22% used [0x0000000080000000,0x0000000080f0fa58,0x0000000084300000)
 Metaspace       used 18297K, committed 19008K, reserved 1114112K
  class space    used 1849K, committed 2176K, reserved 1048576K
}
Event: 5.076 GC heap before
{Heap before GC invocations=8 (full 0):
 PSYoungGen      total 23040K, used 22688K [0x00000000d5580000, 0x00000000d7580000, 0x0000000100000000)
  eden space 17408K, 100% used [0x00000000d5580000,0x00000000d6680000,0x00000000d6680000)
  from space 5632K, 93% used [0x00000000d6680000,0x00000000d6ba8148,0x00000000d6c00000)
  to   space 7680K, 0% used [0x00000000d6e00000,0x00000000d6e00000,0x00000000d7580000)
 ParOldGen       total 68608K, used 15422K [0x0000000080000000, 0x0000000084300000, 0x00000000d5580000)
  object space 68608K, 22% used [0x0000000080000000,0x0000000080f0fa58,0x0000000084300000)
 Metaspace       used 19725K, committed 20544K, reserved 1114112K
  class space    used 2004K, committed 2368K, reserved 1048576K
}
Event: 5.081 GC heap after
{Heap after GC invocations=8 (full 0):
 PSYoungGen      total 22528K, used 5091K [0x00000000d5580000, 0x00000000d7300000, 0x0000000100000000)
  eden space 17408K, 0% used [0x00000000d5580000,0x00000000d5580000,0x00000000d6680000)
  from space 5120K, 99% used [0x00000000d6e00000,0x00000000d72f8e08,0x00000000d7300000)
  to   space 5632K, 0% used [0x00000000d6800000,0x00000000d6800000,0x00000000d6d80000)
 ParOldGen       total 68608K, used 15861K [0x0000000080000000, 0x0000000084300000, 0x00000000d5580000)
  object space 68608K, 23% used [0x0000000080000000,0x0000000080f7d580,0x0000000084300000)
 Metaspace       used 19725K, committed 20544K, reserved 1114112K
  class space    used 2004K, committed 2368K, reserved 1048576K
}
Event: 5.213 GC heap before
{Heap before GC invocations=9 (full 0):
 PSYoungGen      total 22528K, used 12299K [0x00000000d5580000, 0x00000000d7300000, 0x0000000100000000)
  eden space 17408K, 41% used [0x00000000d5580000,0x00000000d5c8a158,0x00000000d6680000)
  from space 5120K, 99% used [0x00000000d6e00000,0x00000000d72f8e08,0x00000000d7300000)
  to   space 5632K, 0% used [0x00000000d6800000,0x00000000d6800000,0x00000000d6d80000)
 ParOldGen       total 68608K, used 15861K [0x0000000080000000, 0x0000000084300000, 0x00000000d5580000)
  object space 68608K, 23% used [0x0000000080000000,0x0000000080f7d580,0x0000000084300000)
 Metaspace       used 20749K, committed 21504K, reserved 1114112K
  class space    used 2109K, committed 2432K, reserved 1048576K
}
Event: 5.218 GC heap after
{Heap after GC invocations=9 (full 0):
 PSYoungGen      total 20992K, used 3186K [0x00000000d5580000, 0x00000000d6e80000, 0x0000000100000000)
  eden space 17408K, 0% used [0x00000000d5580000,0x00000000d5580000,0x00000000d6680000)
  from space 3584K, 88% used [0x00000000d6800000,0x00000000d6b1caa0,0x00000000d6b80000)
  to   space 3072K, 0% used [0x00000000d6b80000,0x00000000d6b80000,0x00000000d6e80000)
 ParOldGen       total 68608K, used 18405K [0x0000000080000000, 0x0000000084300000, 0x00000000d5580000)
  object space 68608K, 26% used [0x0000000080000000,0x00000000811f9668,0x0000000084300000)
 Metaspace       used 20749K, committed 21504K, reserved 1114112K
  class space    used 2109K, committed 2432K, reserved 1048576K
}
Event: 5.218 GC heap before
{Heap before GC invocations=10 (full 1):
 PSYoungGen      total 20992K, used 3186K [0x00000000d5580000, 0x00000000d6e80000, 0x0000000100000000)
  eden space 17408K, 0% used [0x00000000d5580000,0x00000000d5580000,0x00000000d6680000)
  from space 3584K, 88% used [0x00000000d6800000,0x00000000d6b1caa0,0x00000000d6b80000)
  to   space 3072K, 0% used [0x00000000d6b80000,0x00000000d6b80000,0x00000000d6e80000)
 ParOldGen       total 68608K, used 18405K [0x0000000080000000, 0x0000000084300000, 0x00000000d5580000)
  object space 68608K, 26% used [0x0000000080000000,0x00000000811f9668,0x0000000084300000)
 Metaspace       used 20749K, committed 21504K, reserved 1114112K
  class space    used 2109K, committed 2432K, reserved 1048576K
}
Event: 5.267 GC heap after
{Heap after GC invocations=10 (full 1):
 PSYoungGen      total 20992K, used 0K [0x00000000d5580000, 0x00000000d6e80000, 0x0000000100000000)
  eden space 17408K, 0% used [0x00000000d5580000,0x00000000d5580000,0x00000000d6680000)
  from space 3584K, 0% used [0x00000000d6800000,0x00000000d6800000,0x00000000d6b80000)
  to   space 3072K, 0% used [0x00000000d6b80000,0x00000000d6b80000,0x00000000d6e80000)
 ParOldGen       total 68608K, used 20753K [0x0000000080000000, 0x0000000084300000, 0x00000000d5580000)
  object space 68608K, 30% used [0x0000000080000000,0x0000000081444588,0x0000000084300000)
 Metaspace       used 20737K, committed 21504K, reserved 1114112K
  class space    used 2106K, committed 2432K, reserved 1048576K
}
Event: 5.422 GC heap before
{Heap before GC invocations=11 (full 1):
 PSYoungGen      total 20992K, used 17408K [0x00000000d5580000, 0x00000000d6e80000, 0x0000000100000000)
  eden space 17408K, 100% used [0x00000000d5580000,0x00000000d6680000,0x00000000d6680000)
  from space 3584K, 0% used [0x00000000d6800000,0x00000000d6800000,0x00000000d6b80000)
  to   space 3072K, 0% used [0x00000000d6b80000,0x00000000d6b80000,0x00000000d6e80000)
 ParOldGen       total 68608K, used 20753K [0x0000000080000000, 0x0000000084300000, 0x00000000d5580000)
  object space 68608K, 30% used [0x0000000080000000,0x0000000081444588,0x0000000084300000)
 Metaspace       used 21849K, committed 22656K, reserved 1114112K
  class space    used 2195K, committed 2560K, reserved 1048576K
}
Event: 5.423 GC heap after
{Heap after GC invocations=11 (full 1):
 PSYoungGen      total 20480K, used 2595K [0x00000000d5580000, 0x00000000d6e80000, 0x0000000100000000)
  eden space 17408K, 0% used [0x00000000d5580000,0x00000000d5580000,0x00000000d6680000)
  from space 3072K, 84% used [0x00000000d6b80000,0x00000000d6e08e88,0x00000000d6e80000)
  to   space 3072K, 0% used [0x00000000d6880000,0x00000000d6880000,0x00000000d6b80000)
 ParOldGen       total 68608K, used 20753K [0x0000000080000000, 0x0000000084300000, 0x00000000d5580000)
  object space 68608K, 30% used [0x0000000080000000,0x0000000081444588,0x0000000084300000)
 Metaspace       used 21849K, committed 22656K, reserved 1114112K
  class space    used 2195K, committed 2560K, reserved 1048576K
}
Event: 5.646 GC heap before
{Heap before GC invocations=12 (full 1):
 PSYoungGen      total 20480K, used 19983K [0x00000000d5580000, 0x00000000d6e80000, 0x0000000100000000)
  eden space 17408K, 99% used [0x00000000d5580000,0x00000000d667ad88,0x00000000d6680000)
  from space 3072K, 84% used [0x00000000d6b80000,0x00000000d6e08e88,0x00000000d6e80000)
  to   space 3072K, 0% used [0x00000000d6880000,0x00000000d6880000,0x00000000d6b80000)
 ParOldGen       total 68608K, used 20753K [0x0000000080000000, 0x0000000084300000, 0x00000000d5580000)
  object space 68608K, 30% used [0x0000000080000000,0x0000000081444588,0x0000000084300000)
 Metaspace       used 24976K, committed 25792K, reserved 1114112K
  class space    used 2412K, committed 2816K, reserved 1048576K
}
Event: 5.647 GC heap after
{Heap after GC invocations=12 (full 1):
 PSYoungGen      total 17920K, used 414K [0x00000000d5580000, 0x00000000d6c00000, 0x0000000100000000)
  eden space 17408K, 0% used [0x00000000d5580000,0x00000000d5580000,0x00000000d6680000)
  from space 512K, 80% used [0x00000000d6880000,0x00000000d68e78d8,0x00000000d6900000)
  to   space 1536K, 0% used [0x00000000d6a80000,0x00000000d6a80000,0x00000000d6c00000)
 ParOldGen       total 68608K, used 20985K [0x0000000080000000, 0x0000000084300000, 0x00000000d5580000)
  object space 68608K, 30% used [0x0000000080000000,0x000000008147e738,0x0000000084300000)
 Metaspace       used 24976K, committed 25792K, reserved 1114112K
  class space    used 2412K, committed 2816K, reserved 1048576K
}

